#-----------------------------------------------------------
# Vivado v2021.1 (64-bit)
# SW Build 3247384 on Thu Jun 10 19:36:33 MDT 2021
# IP Build 3246043 on Fri Jun 11 00:30:35 MDT 2021
# Start of session at: Sat Mar 26 19:20:03 2022
# Process ID: 22440
# Current directory: C:/Users/long3/Desktop/CNN_Topic
# Command line: vivado.exe -gui_launcher_event rodinguilauncherevent11540 C:\Users\long3\Desktop\CNN_Topic\CNN_Topic.xpr
# Log file: C:/Users/long3/Desktop/CNN_Topic/vivado.log
# Journal file: C:/Users/long3/Desktop/CNN_Topic\vivado.jou
#-----------------------------------------------------------
start_gui
open_project C:/Users/long3/Desktop/CNN_Topic/CNN_Topic.xpr
Scanning sources...
Finished scanning sources
INFO: [IP_Flow 19-234] Refreshing IP repositories
INFO: [IP_Flow 19-1704] No user IP repositories specified
INFO: [IP_Flow 19-2313] Loaded Vivado IP repository 'C:/Xilinx/Vivado/2021.1/data/ip'.
update_compile_order -fileset sources_1
reset_run synth_1
WARNING: [Vivado 12-1017] Problems encountered:
1. Failed to delete one or more files in run directory C:/Users/long3/Desktop/CNN_Topic/CNN_Topic.runs/synth_1

launch_runs synth_1 -jobs 8
[Sat Mar 26 19:28:11 2022] Launched synth_1...
Run output will be captured here: C:/Users/long3/Desktop/CNN_Topic/CNN_Topic.runs/synth_1/runme.log
exit
INFO: [Common 17-206] Exiting Vivado at Sat Mar 26 19:34:55 2022...
