#-----------------------------------------------------------
# Vivado v2021.1 (64-bit)
# SW Build 3247384 on Thu Jun 10 19:36:33 MDT 2021
# IP Build 3246043 on Fri Jun 11 00:30:35 MDT 2021
# Start of session at: Mon Aug 29 12:44:32 2022
# Process ID: 10800
# Current directory: D:/CNN_Topic
# Command line: vivado.exe -gui_launcher_event rodinguilauncherevent1964 D:\CNN_Topic\CNN_Topic.xpr
# Log file: D:/CNN_Topic/vivado.log
# Journal file: D:/CNN_Topic\vivado.jou
#-----------------------------------------------------------
start_gui
open_project D:/CNN_Topic/CNN_Topic.xpr
INFO: [Project 1-313] Project file moved from 'C:/Users/long3/Desktop/CNN_Topic' since last save.
CRITICAL WARNING: [Project 1-311] Could not find the file 'D:/practice/sort/sort.srcs/sources_1/new/sort.v', nor could it be found using path 'C:/Users/long3/Desktop/practice/sort/sort.srcs/sources_1/new/sort.v'.
Scanning sources...
Finished scanning sources
INFO: [IP_Flow 19-234] Refreshing IP repositories
INFO: [IP_Flow 19-1704] No user IP repositories specified
INFO: [IP_Flow 19-2313] Loaded Vivado IP repository 'C:/Xilinx/Vivado/2021.1/data/ip'.
update_compile_order -fileset sources_1
