#-----------------------------------------------------------
# Vivado v2021.1 (64-bit)
# SW Build 3247384 on Thu Jun 10 19:36:33 MDT 2021
# IP Build 3246043 on Fri Jun 11 00:30:35 MDT 2021
# Start of session at: Sat Mar 26 19:45:06 2022
# Process ID: 18324
# Current directory: C:/Users/long3/Desktop/CNN_Topic
# Command line: vivado.exe -gui_launcher_event rodinguilauncherevent25284 C:\Users\long3\Desktop\CNN_Topic\CNN_Topic.xpr
# Log file: C:/Users/long3/Desktop/CNN_Topic/vivado.log
# Journal file: C:/Users/long3/Desktop/CNN_Topic\vivado.jou
#-----------------------------------------------------------
start_gui
open_project C:/Users/long3/Desktop/CNN_Topic/CNN_Topic.xpr
Scanning sources...
Finished scanning sources
INFO: [IP_Flow 19-234] Refreshing IP repositories
INFO: [IP_Flow 19-1704] No user IP repositories specified
INFO: [IP_Flow 19-2313] Loaded Vivado IP repository 'C:/Xilinx/Vivado/2021.1/data/ip'.
update_compile_order -fileset sources_1
launch_simulation
Command: launch_simulation 
INFO: [Vivado 12-12493] Simulation top is 'CNN_tb'
INFO: [Vivado 12-5698] Checking validity of IPs in the design for the 'XSim' simulator...
INFO: [Runs 36-567] Checking/generating simulation output products for IPs/BDs (if any)...
INFO: [Vivado 12-5682] Launching behavioral simulation in 'C:/Users/long3/Desktop/CNN_Topic/CNN_Topic.sim/sim_1/behav/xsim'
INFO: [Vivado 12-4795] Using compiled simulation libraries for IPs
INFO: [SIM-utils-51] Simulation object is 'sim_1'
INFO: [SIM-utils-72] Using boost library from 'C:/Xilinx/Vivado/2021.1/tps/boost_1_72_0'
INFO: [USF-XSim-7] Finding pre-compiled libraries...
INFO: [USF-XSim-11] File 'C:/Xilinx/Vivado/2021.1/data/xsim/xsim.ini' copied to run dir:'C:/Users/long3/Desktop/CNN_Topic/CNN_Topic.sim/sim_1/behav/xsim'
INFO: [SIM-utils-54] Inspecting design source files for 'CNN_tb' in fileset 'sim_1'...
INFO: [SIM-utils-43] Exported 'C:/Users/long3/Desktop/CNN_Topic/CNN_Topic.sim/sim_1/behav/xsim/Fully_Connected_bram.mif'
INFO: [SIM-utils-43] Exported 'C:/Users/long3/Desktop/CNN_Topic/CNN_Topic.sim/sim_1/behav/xsim/Fully_Connected.coe'
INFO: [SIM-utils-43] Exported 'C:/Users/long3/Desktop/CNN_Topic/CNN_Topic.sim/sim_1/behav/xsim/image_bram.mif'
INFO: [SIM-utils-43] Exported 'C:/Users/long3/Desktop/CNN_Topic/CNN_Topic.sim/sim_1/behav/xsim/image_fp.coe'
INFO: [USF-XSim-97] Finding global include files...
INFO: [USF-XSim-98] Fetching design files from 'sim_1'...
INFO: [USF-XSim-2] XSim::Compile design
INFO: [USF-XSim-61] Executing 'COMPILE and ANALYZE' step in 'C:/Users/long3/Desktop/CNN_Topic/CNN_Topic.sim/sim_1/behav/xsim'
"xvlog --incr --relax -prj CNN_tb_vlog.prj"
INFO: [USF-XSim-69] 'compile' step finished in '2' seconds
INFO: [USF-XSim-3] XSim::Elaborate design
INFO: [USF-XSim-61] Executing 'ELABORATE' step in 'C:/Users/long3/Desktop/CNN_Topic/CNN_Topic.sim/sim_1/behav/xsim'
"xelab -wto a9dd0f76bd29440b98aa6abf3fa82b63 --incr --debug typical --relax --mt 2 -L xil_defaultlib -L blk_mem_gen_v8_4_4 -L unisims_ver -L unimacro_ver -L secureip -L xpm --snapshot CNN_tb_behav xil_defaultlib.CNN_tb xil_defaultlib.glbl -log elaborate.log"
Vivado Simulator v2021.1
Copyright 1986-1999, 2001-2021 Xilinx, Inc. All Rights Reserved.
Running: C:/Xilinx/Vivado/2021.1/bin/unwrapped/win64.o/xelab.exe -wto a9dd0f76bd29440b98aa6abf3fa82b63 --incr --debug typical --relax --mt 2 -L xil_defaultlib -L blk_mem_gen_v8_4_4 -L unisims_ver -L unimacro_ver -L secureip -L xpm --snapshot CNN_tb_behav xil_defaultlib.CNN_tb xil_defaultlib.glbl -log elaborate.log 
Using 2 slave threads.
Starting static elaboration
Pass Through NonSizing Optimizer
WARNING: [VRFC 10-3091] actual bit length 16 differs from formal bit length 17 for port 'tm' [C:/Users/long3/Desktop/CNN_Topic/CNN_Topic.srcs/sim_1/imports/new/CNN_tb.v:164]
WARNING: [VRFC 10-3091] actual bit length 17 differs from formal bit length 16 for port 'tm' [C:/Users/long3/Desktop/CNN_Topic/CNN_Topic.srcs/sources_1/new/acclerator_1.v:157]
WARNING: [VRFC 10-3091] actual bit length 16 differs from formal bit length 17 for port 'tm' [C:/Users/long3/Desktop/CNN_Topic/CNN_Topic.srcs/sources_1/new/acclerator_11.v:205]
Completed static elaboration
INFO: [XSIM 43-4323] No Change in HDL. Linking previously generated obj files to create kernel
INFO: [USF-XSim-69] 'elaborate' step finished in '2' seconds
INFO: [USF-XSim-4] XSim::Simulate design
INFO: [USF-XSim-61] Executing 'SIMULATE' step in 'C:/Users/long3/Desktop/CNN_Topic/CNN_Topic.sim/sim_1/behav/xsim'
INFO: [USF-XSim-98] *** Running xsim
   with args "CNN_tb_behav -key {Behavioral:sim_1:Functional:CNN_tb} -tclbatch {CNN_tb.tcl} -view {C:/Users/long3/Desktop/CNN_Topic/accelerator_tb_behav.wcfg} -log {simulate.log}"
INFO: [USF-XSim-8] Loading simulator feature
Time resolution is 1 ps
open_wave_config C:/Users/long3/Desktop/CNN_Topic/accelerator_tb_behav.wcfg
source CNN_tb.tcl
# set curr_wave [current_wave_config]
# if { [string length $curr_wave] == 0 } {
#   if { [llength [get_objects]] > 0} {
#     add_wave /
#     set_property needs_save false [current_wave_config]
#   } else {
#      send_msg_id Add_Wave-1 WARNING "No top level signals found. Simulator will start without a wave window. If you want to open a wave window go to 'File->New Waveform Configuration' or type 'create_wave_config' in the TCL console."
#   }
# }
# run 20000ns
 Block Memory Generator module loading initial data...
 Block Memory Generator data initialization complete.
Block Memory Generator module CNN_tb.uut.fc_weight.inst.\native_mem_module.blk_mem_gen_v8_4_4_inst  is using a behavioral model for simulation which will not precisely model memory collision behavior.
 Block Memory Generator module loading initial data...
 Block Memory Generator data initialization complete.
Block Memory Generator module CNN_tb.mem.inst.\native_mem_module.blk_mem_gen_v8_4_4_inst  is using a behavioral model for simulation which will not precisely model memory collision behavior.
blk_mem_gen_v8_4_4 WARNING: Address 19 is outside range for A Read
blk_mem_gen_v8_4_4 WARNING: Address 19 is outside range for A Read
blk_mem_gen_v8_4_4 WARNING: Address 19 is outside range for A Read
blk_mem_gen_v8_4_4 WARNING: Address 19 is outside range for A Read
blk_mem_gen_v8_4_4 WARNING: Address 19 is outside range for A Read
blk_mem_gen_v8_4_4 WARNING: Address 19 is outside range for A Read
blk_mem_gen_v8_4_4 WARNING: Address 19 is outside range for A Read
blk_mem_gen_v8_4_4 WARNING: Address 19 is outside range for A Read
blk_mem_gen_v8_4_4 WARNING: Address 19 is outside range for A Read
blk_mem_gen_v8_4_4 WARNING: Address 19 is outside range for A Read
blk_mem_gen_v8_4_4 WARNING: Address 19 is outside range for A Read
blk_mem_gen_v8_4_4 WARNING: Address 19 is outside range for A Read
blk_mem_gen_v8_4_4 WARNING: Address 19 is outside range for A Read
blk_mem_gen_v8_4_4 WARNING: Address 19 is outside range for A Read
blk_mem_gen_v8_4_4 WARNING: Address 19 is outside range for A Read
blk_mem_gen_v8_4_4 WARNING: Address 19 is outside range for A Read
blk_mem_gen_v8_4_4 WARNING: Address 19 is outside range for A Read
blk_mem_gen_v8_4_4 WARNING: Address 19 is outside range for A Read
blk_mem_gen_v8_4_4 WARNING: Address 19 is outside range for A Read
blk_mem_gen_v8_4_4 WARNING: Address 19 is outside range for A Read
blk_mem_gen_v8_4_4 WARNING: Address 19 is outside range for A Read
blk_mem_gen_v8_4_4 WARNING: Address 19 is outside range for A Read
blk_mem_gen_v8_4_4 WARNING: Address 19 is outside range for A Read
blk_mem_gen_v8_4_4 WARNING: Address 19 is outside range for A Read
blk_mem_gen_v8_4_4 WARNING: Address 19 is outside range for A Read
blk_mem_gen_v8_4_4 WARNING: Address 19 is outside range for A Read
blk_mem_gen_v8_4_4 WARNING: Address 19 is outside range for A Read
blk_mem_gen_v8_4_4 WARNING: Address 19 is outside range for A Read
blk_mem_gen_v8_4_4 WARNING: Address 19 is outside range for A Read
blk_mem_gen_v8_4_4 WARNING: Address 19 is outside range for A Read
blk_mem_gen_v8_4_4 WARNING: Address 19 is outside range for A Read
blk_mem_gen_v8_4_4 WARNING: Address 19 is outside range for A Read
blk_mem_gen_v8_4_4 WARNING: Address 19 is outside range for A Read
blk_mem_gen_v8_4_4 WARNING: Address 19 is outside range for A Read
blk_mem_gen_v8_4_4 WARNING: Address 19 is outside range for A Read
blk_mem_gen_v8_4_4 WARNING: Address 19 is outside range for A Read
blk_mem_gen_v8_4_4 WARNING: Address 19 is outside range for A Read
blk_mem_gen_v8_4_4 WARNING: Address 19 is outside range for A Read
blk_mem_gen_v8_4_4 WARNING: Address 19 is outside range for A Read
blk_mem_gen_v8_4_4 WARNING: Address 19 is outside range for A Read
blk_mem_gen_v8_4_4 WARNING: Address 19 is outside range for A Read
blk_mem_gen_v8_4_4 WARNING: Address 19 is outside range for A Read
blk_mem_gen_v8_4_4 WARNING: Address 19 is outside range for A Read
blk_mem_gen_v8_4_4 WARNING: Address 19 is outside range for A Read
blk_mem_gen_v8_4_4 WARNING: Address 19 is outside range for A Read
blk_mem_gen_v8_4_4 WARNING: Address 19 is outside range for A Read
blk_mem_gen_v8_4_4 WARNING: Address 19 is outside range for A Read
blk_mem_gen_v8_4_4 WARNING: Address 19 is outside range for A Read
blk_mem_gen_v8_4_4 WARNING: Address 19 is outside range for A Read
blk_mem_gen_v8_4_4 WARNING: Address 19 is outside range for A Read
blk_mem_gen_v8_4_4 WARNING: Address 19 is outside range for A Read
blk_mem_gen_v8_4_4 WARNING: Address 19 is outside range for A Read
blk_mem_gen_v8_4_4 WARNING: Address 19 is outside range for A Read
blk_mem_gen_v8_4_4 WARNING: Address 19 is outside range for A Read
blk_mem_gen_v8_4_4 WARNING: Address 19 is outside range for A Read
blk_mem_gen_v8_4_4 WARNING: Address 19 is outside range for A Read
blk_mem_gen_v8_4_4 WARNING: Address 19 is outside range for A Read
blk_mem_gen_v8_4_4 WARNING: Address 19 is outside range for A Read
blk_mem_gen_v8_4_4 WARNING: Address 19 is outside range for A Read
blk_mem_gen_v8_4_4 WARNING: Address 19 is outside range for A Read
blk_mem_gen_v8_4_4 WARNING: Address 19 is outside range for A Read
blk_mem_gen_v8_4_4 WARNING: Address 19 is outside range for A Read
blk_mem_gen_v8_4_4 WARNING: Address 19 is outside range for A Read
blk_mem_gen_v8_4_4 WARNING: Address 19 is outside range for A Read
blk_mem_gen_v8_4_4 WARNING: Address 19 is outside range for A Read
blk_mem_gen_v8_4_4 WARNING: Address 19 is outside range for A Read
blk_mem_gen_v8_4_4 WARNING: Address 19 is outside range for A Read
blk_mem_gen_v8_4_4 WARNING: Address 19 is outside range for A Read
blk_mem_gen_v8_4_4 WARNING: Address 19 is outside range for A Read
blk_mem_gen_v8_4_4 WARNING: Address 19 is outside range for A Read
blk_mem_gen_v8_4_4 WARNING: Address 19 is outside range for A Read
blk_mem_gen_v8_4_4 WARNING: Address 19 is outside range for A Read
blk_mem_gen_v8_4_4 WARNING: Address 19 is outside range for A Read
blk_mem_gen_v8_4_4 WARNING: Address 19 is outside range for A Read
blk_mem_gen_v8_4_4 WARNING: Address 19 is outside range for A Read
blk_mem_gen_v8_4_4 WARNING: Address 19 is outside range for A Read
blk_mem_gen_v8_4_4 WARNING: Address 19 is outside range for A Read
blk_mem_gen_v8_4_4 WARNING: Address 19 is outside range for A Read
blk_mem_gen_v8_4_4 WARNING: Address 19 is outside range for A Read
blk_mem_gen_v8_4_4 WARNING: Address 19 is outside range for A Read
blk_mem_gen_v8_4_4 WARNING: Address 19 is outside range for A Read
blk_mem_gen_v8_4_4 WARNING: Address 19 is outside range for A Read
blk_mem_gen_v8_4_4 WARNING: Address 19 is outside range for A Read
blk_mem_gen_v8_4_4 WARNING: Address 19 is outside range for A Read
blk_mem_gen_v8_4_4 WARNING: Address 19 is outside range for A Read
blk_mem_gen_v8_4_4 WARNING: Address 19 is outside range for A Read
blk_mem_gen_v8_4_4 WARNING: Address 19 is outside range for A Read
blk_mem_gen_v8_4_4 WARNING: Address 19 is outside range for A Read
blk_mem_gen_v8_4_4 WARNING: Address 19 is outside range for A Read
blk_mem_gen_v8_4_4 WARNING: Address 19 is outside range for A Read
blk_mem_gen_v8_4_4 WARNING: Address 19 is outside range for A Read
blk_mem_gen_v8_4_4 WARNING: Address 19 is outside range for A Read
blk_mem_gen_v8_4_4 WARNING: Address 19 is outside range for A Read
blk_mem_gen_v8_4_4 WARNING: Address 19 is outside range for A Read
blk_mem_gen_v8_4_4 WARNING: Address 19 is outside range for A Read
blk_mem_gen_v8_4_4 WARNING: Address 19 is outside range for A Read
blk_mem_gen_v8_4_4 WARNING: Address 19 is outside range for A Read
blk_mem_gen_v8_4_4 WARNING: Address 19 is outside range for A Read
blk_mem_gen_v8_4_4 WARNING: Address 19 is outside range for A Read
blk_mem_gen_v8_4_4 WARNING: Address 19 is outside range for A Read
blk_mem_gen_v8_4_4 WARNING: Address 19 is outside range for A Read
blk_mem_gen_v8_4_4 WARNING: Address 19 is outside range for A Read
blk_mem_gen_v8_4_4 WARNING: Address 19 is outside range for A Read
blk_mem_gen_v8_4_4 WARNING: Address 19 is outside range for A Read
blk_mem_gen_v8_4_4 WARNING: Address 19 is outside range for A Read
blk_mem_gen_v8_4_4 WARNING: Address 19 is outside range for A Read
blk_mem_gen_v8_4_4 WARNING: Address 19 is outside range for A Read
blk_mem_gen_v8_4_4 WARNING: Address 19 is outside range for A Read
blk_mem_gen_v8_4_4 WARNING: Address 19 is outside range for A Read
blk_mem_gen_v8_4_4 WARNING: Address 19 is outside range for A Read
blk_mem_gen_v8_4_4 WARNING: Address 19 is outside range for A Read
blk_mem_gen_v8_4_4 WARNING: Address 19 is outside range for A Read
blk_mem_gen_v8_4_4 WARNING: Address 19 is outside range for A Read
blk_mem_gen_v8_4_4 WARNING: Address 19 is outside range for A Read
blk_mem_gen_v8_4_4 WARNING: Address 19 is outside range for A Read
blk_mem_gen_v8_4_4 WARNING: Address 19 is outside range for A Read
blk_mem_gen_v8_4_4 WARNING: Address 19 is outside range for A Read
blk_mem_gen_v8_4_4 WARNING: Address 19 is outside range for A Read
blk_mem_gen_v8_4_4 WARNING: Address 19 is outside range for A Read
blk_mem_gen_v8_4_4 WARNING: Address 19 is outside range for A Read
blk_mem_gen_v8_4_4 WARNING: Address 19 is outside range for A Read
blk_mem_gen_v8_4_4 WARNING: Address 19 is outside range for A Read
blk_mem_gen_v8_4_4 WARNING: Address 19 is outside range for A Read
blk_mem_gen_v8_4_4 WARNING: Address 19 is outside range for A Read
blk_mem_gen_v8_4_4 WARNING: Address 19 is outside range for A Read
blk_mem_gen_v8_4_4 WARNING: Address 19 is outside range for A Read
blk_mem_gen_v8_4_4 WARNING: Address 19 is outside range for A Read
blk_mem_gen_v8_4_4 WARNING: Address 19 is outside range for A Read
blk_mem_gen_v8_4_4 WARNING: Address 19 is outside range for A Read
blk_mem_gen_v8_4_4 WARNING: Address 19 is outside range for A Read
blk_mem_gen_v8_4_4 WARNING: Address 19 is outside range for A Read
blk_mem_gen_v8_4_4 WARNING: Address 19 is outside range for A Read
blk_mem_gen_v8_4_4 WARNING: Address 19 is outside range for A Read
blk_mem_gen_v8_4_4 WARNING: Address 19 is outside range for A Read
blk_mem_gen_v8_4_4 WARNING: Address 19 is outside range for A Read
blk_mem_gen_v8_4_4 WARNING: Address 19 is outside range for A Read
blk_mem_gen_v8_4_4 WARNING: Address 19 is outside range for A Read
blk_mem_gen_v8_4_4 WARNING: Address 19 is outside range for A Read
blk_mem_gen_v8_4_4 WARNING: Address 19 is outside range for A Read
blk_mem_gen_v8_4_4 WARNING: Address 19 is outside range for A Read
blk_mem_gen_v8_4_4 WARNING: Address 19 is outside range for A Read
blk_mem_gen_v8_4_4 WARNING: Address 19 is outside range for A Read
blk_mem_gen_v8_4_4 WARNING: Address 19 is outside range for A Read
blk_mem_gen_v8_4_4 WARNING: Address 19 is outside range for A Read
blk_mem_gen_v8_4_4 WARNING: Address 19 is outside range for A Read
blk_mem_gen_v8_4_4 WARNING: Address 19 is outside range for A Read
blk_mem_gen_v8_4_4 WARNING: Address 19 is outside range for A Read
blk_mem_gen_v8_4_4 WARNING: Address 19 is outside range for A Read
blk_mem_gen_v8_4_4 WARNING: Address 19 is outside range for A Read
blk_mem_gen_v8_4_4 WARNING: Address 19 is outside range for A Read
blk_mem_gen_v8_4_4 WARNING: Address 19 is outside range for A Read
blk_mem_gen_v8_4_4 WARNING: Address 19 is outside range for A Read
blk_mem_gen_v8_4_4 WARNING: Address 19 is outside range for A Read
blk_mem_gen_v8_4_4 WARNING: Address 19 is outside range for A Read
blk_mem_gen_v8_4_4 WARNING: Address 19 is outside range for A Read
blk_mem_gen_v8_4_4 WARNING: Address 19 is outside range for A Read
blk_mem_gen_v8_4_4 WARNING: Address 19 is outside range for A Read
blk_mem_gen_v8_4_4 WARNING: Address 19 is outside range for A Read
blk_mem_gen_v8_4_4 WARNING: Address 19 is outside range for A Read
blk_mem_gen_v8_4_4 WARNING: Address 19 is outside range for A Read
blk_mem_gen_v8_4_4 WARNING: Address 19 is outside range for A Read
blk_mem_gen_v8_4_4 WARNING: Address 19 is outside range for A Read
blk_mem_gen_v8_4_4 WARNING: Address 19 is outside range for A Read
blk_mem_gen_v8_4_4 WARNING: Address 19 is outside range for A Read
blk_mem_gen_v8_4_4 WARNING: Address 19 is outside range for A Read
blk_mem_gen_v8_4_4 WARNING: Address 19 is outside range for A Read
blk_mem_gen_v8_4_4 WARNING: Address 19 is outside range for A Read
blk_mem_gen_v8_4_4 WARNING: Address 19 is outside range for A Read
blk_mem_gen_v8_4_4 WARNING: Address 19 is outside range for A Read
blk_mem_gen_v8_4_4 WARNING: Address 19 is outside range for A Read
blk_mem_gen_v8_4_4 WARNING: Address 19 is outside range for A Read
blk_mem_gen_v8_4_4 WARNING: Address 19 is outside range for A Read
blk_mem_gen_v8_4_4 WARNING: Address 19 is outside range for A Read
blk_mem_gen_v8_4_4 WARNING: Address 19 is outside range for A Read
blk_mem_gen_v8_4_4 WARNING: Address 19 is outside range for A Read
blk_mem_gen_v8_4_4 WARNING: Address 19 is outside range for A Read
blk_mem_gen_v8_4_4 WARNING: Address 19 is outside range for A Read
blk_mem_gen_v8_4_4 WARNING: Address 19 is outside range for A Read
blk_mem_gen_v8_4_4 WARNING: Address 19 is outside range for A Read
blk_mem_gen_v8_4_4 WARNING: Address 19 is outside range for A Read
blk_mem_gen_v8_4_4 WARNING: Address 19 is outside range for A Read
blk_mem_gen_v8_4_4 WARNING: Address 19 is outside range for A Read
blk_mem_gen_v8_4_4 WARNING: Address 19 is outside range for A Read
blk_mem_gen_v8_4_4 WARNING: Address 19 is outside range for A Read
blk_mem_gen_v8_4_4 WARNING: Address 19 is outside range for A Read
blk_mem_gen_v8_4_4 WARNING: Address 19 is outside range for A Read
blk_mem_gen_v8_4_4 WARNING: Address 19 is outside range for A Read
blk_mem_gen_v8_4_4 WARNING: Address 19 is outside range for A Read
blk_mem_gen_v8_4_4 WARNING: Address 19 is outside range for A Read
blk_mem_gen_v8_4_4 WARNING: Address 19 is outside range for A Read
blk_mem_gen_v8_4_4 WARNING: Address 19 is outside range for A Read
blk_mem_gen_v8_4_4 WARNING: Address 19 is outside range for A Read
blk_mem_gen_v8_4_4 WARNING: Address 19 is outside range for A Read
blk_mem_gen_v8_4_4 WARNING: Address 19 is outside range for A Read
blk_mem_gen_v8_4_4 WARNING: Address 19 is outside range for A Read
blk_mem_gen_v8_4_4 WARNING: Address 19 is outside range for A Read
blk_mem_gen_v8_4_4 WARNING: Address 19 is outside range for A Read
blk_mem_gen_v8_4_4 WARNING: Address 19 is outside range for A Read
blk_mem_gen_v8_4_4 WARNING: Address 19 is outside range for A Read
blk_mem_gen_v8_4_4 WARNING: Address 19 is outside range for A Read
blk_mem_gen_v8_4_4 WARNING: Address 19 is outside range for A Read
blk_mem_gen_v8_4_4 WARNING: Address 19 is outside range for A Read
blk_mem_gen_v8_4_4 WARNING: Address 19 is outside range for A Read
blk_mem_gen_v8_4_4 WARNING: Address 19 is outside range for A Read
blk_mem_gen_v8_4_4 WARNING: Address 19 is outside range for A Read
blk_mem_gen_v8_4_4 WARNING: Address 19 is outside range for A Read
blk_mem_gen_v8_4_4 WARNING: Address 19 is outside range for A Read
blk_mem_gen_v8_4_4 WARNING: Address 19 is outside range for A Read
blk_mem_gen_v8_4_4 WARNING: Address 19 is outside range for A Read
blk_mem_gen_v8_4_4 WARNING: Address 19 is outside range for A Read
blk_mem_gen_v8_4_4 WARNING: Address 19 is outside range for A Read
blk_mem_gen_v8_4_4 WARNING: Address 19 is outside range for A Read
blk_mem_gen_v8_4_4 WARNING: Address 19 is outside range for A Read
blk_mem_gen_v8_4_4 WARNING: Address 19 is outside range for A Read
blk_mem_gen_v8_4_4 WARNING: Address 19 is outside range for A Read
blk_mem_gen_v8_4_4 WARNING: Address 19 is outside range for A Read
blk_mem_gen_v8_4_4 WARNING: Address 19 is outside range for A Read
blk_mem_gen_v8_4_4 WARNING: Address 19 is outside range for A Read
blk_mem_gen_v8_4_4 WARNING: Address 19 is outside range for A Read
blk_mem_gen_v8_4_4 WARNING: Address 19 is outside range for A Read
blk_mem_gen_v8_4_4 WARNING: Address 19 is outside range for A Read
blk_mem_gen_v8_4_4 WARNING: Address 19 is outside range for A Read
blk_mem_gen_v8_4_4 WARNING: Address 19 is outside range for A Read
blk_mem_gen_v8_4_4 WARNING: Address 19 is outside range for A Read
blk_mem_gen_v8_4_4 WARNING: Address 19 is outside range for A Read
blk_mem_gen_v8_4_4 WARNING: Address 19 is outside range for A Read
blk_mem_gen_v8_4_4 WARNING: Address 19 is outside range for A Read
blk_mem_gen_v8_4_4 WARNING: Address 19 is outside range for A Read
blk_mem_gen_v8_4_4 WARNING: Address 19 is outside range for A Read
blk_mem_gen_v8_4_4 WARNING: Address 19 is outside range for A Read
blk_mem_gen_v8_4_4 WARNING: Address 19 is outside range for A Read
blk_mem_gen_v8_4_4 WARNING: Address 19 is outside range for A Read
blk_mem_gen_v8_4_4 WARNING: Address 19 is outside range for A Read
blk_mem_gen_v8_4_4 WARNING: Address 19 is outside range for A Read
blk_mem_gen_v8_4_4 WARNING: Address 19 is outside range for A Read
blk_mem_gen_v8_4_4 WARNING: Address 19 is outside range for A Read
blk_mem_gen_v8_4_4 WARNING: Address 19 is outside range for A Read
blk_mem_gen_v8_4_4 WARNING: Address 19 is outside range for A Read
blk_mem_gen_v8_4_4 WARNING: Address 19 is outside range for A Read
blk_mem_gen_v8_4_4 WARNING: Address 19 is outside range for A Read
blk_mem_gen_v8_4_4 WARNING: Address 19 is outside range for A Read
blk_mem_gen_v8_4_4 WARNING: Address 19 is outside range for A Read
blk_mem_gen_v8_4_4 WARNING: Address 19 is outside range for A Read
blk_mem_gen_v8_4_4 WARNING: Address 19 is outside range for A Read
blk_mem_gen_v8_4_4 WARNING: Address 19 is outside range for A Read
blk_mem_gen_v8_4_4 WARNING: Address 19 is outside range for A Read
blk_mem_gen_v8_4_4 WARNING: Address 19 is outside range for A Read
blk_mem_gen_v8_4_4 WARNING: Address 19 is outside range for A Read
blk_mem_gen_v8_4_4 WARNING: Address 19 is outside range for A Read
blk_mem_gen_v8_4_4 WARNING: Address 19 is outside range for A Read
blk_mem_gen_v8_4_4 WARNING: Address 19 is outside range for A Read
blk_mem_gen_v8_4_4 WARNING: Address 19 is outside range for A Read
blk_mem_gen_v8_4_4 WARNING: Address 19 is outside range for A Read
blk_mem_gen_v8_4_4 WARNING: Address 19 is outside range for A Read
blk_mem_gen_v8_4_4 WARNING: Address 19 is outside range for A Read
blk_mem_gen_v8_4_4 WARNING: Address 19 is outside range for A Read
blk_mem_gen_v8_4_4 WARNING: Address 19 is outside range for A Read
blk_mem_gen_v8_4_4 WARNING: Address 19 is outside range for A Read
blk_mem_gen_v8_4_4 WARNING: Address 19 is outside range for A Read
blk_mem_gen_v8_4_4 WARNING: Address 19 is outside range for A Read
blk_mem_gen_v8_4_4 WARNING: Address 19 is outside range for A Read
INFO: [USF-XSim-96] XSim completed. Design snapshot 'CNN_tb_behav' loaded.
INFO: [USF-XSim-97] XSim simulation ran for 20000ns
launch_simulation: Time (s): cpu = 00:00:08 ; elapsed = 00:00:08 . Memory (MB): peak = 1345.910 ; gain = 15.855
current_wave_config {accelerator_tb_behav.wcfg}
accelerator_tb_behav.wcfg
add_wave {{/CNN_tb/uut/u1/max}} 
restart
INFO: [Simtcl 6-17] Simulation restarted
run 20 us
 Block Memory Generator module loading initial data...
 Block Memory Generator data initialization complete.
Block Memory Generator module CNN_tb.uut.fc_weight.inst.\native_mem_module.blk_mem_gen_v8_4_4_inst  is using a behavioral model for simulation which will not precisely model memory collision behavior.
 Block Memory Generator module loading initial data...
 Block Memory Generator data initialization complete.
Block Memory Generator module CNN_tb.mem.inst.\native_mem_module.blk_mem_gen_v8_4_4_inst  is using a behavioral model for simulation which will not precisely model memory collision behavior.
blk_mem_gen_v8_4_4 WARNING: Address 19 is outside range for A Read
blk_mem_gen_v8_4_4 WARNING: Address 19 is outside range for A Read
blk_mem_gen_v8_4_4 WARNING: Address 19 is outside range for A Read
blk_mem_gen_v8_4_4 WARNING: Address 19 is outside range for A Read
blk_mem_gen_v8_4_4 WARNING: Address 19 is outside range for A Read
blk_mem_gen_v8_4_4 WARNING: Address 19 is outside range for A Read
blk_mem_gen_v8_4_4 WARNING: Address 19 is outside range for A Read
blk_mem_gen_v8_4_4 WARNING: Address 19 is outside range for A Read
blk_mem_gen_v8_4_4 WARNING: Address 19 is outside range for A Read
blk_mem_gen_v8_4_4 WARNING: Address 19 is outside range for A Read
blk_mem_gen_v8_4_4 WARNING: Address 19 is outside range for A Read
blk_mem_gen_v8_4_4 WARNING: Address 19 is outside range for A Read
blk_mem_gen_v8_4_4 WARNING: Address 19 is outside range for A Read
blk_mem_gen_v8_4_4 WARNING: Address 19 is outside range for A Read
blk_mem_gen_v8_4_4 WARNING: Address 19 is outside range for A Read
blk_mem_gen_v8_4_4 WARNING: Address 19 is outside range for A Read
blk_mem_gen_v8_4_4 WARNING: Address 19 is outside range for A Read
blk_mem_gen_v8_4_4 WARNING: Address 19 is outside range for A Read
blk_mem_gen_v8_4_4 WARNING: Address 19 is outside range for A Read
blk_mem_gen_v8_4_4 WARNING: Address 19 is outside range for A Read
blk_mem_gen_v8_4_4 WARNING: Address 19 is outside range for A Read
blk_mem_gen_v8_4_4 WARNING: Address 19 is outside range for A Read
blk_mem_gen_v8_4_4 WARNING: Address 19 is outside range for A Read
blk_mem_gen_v8_4_4 WARNING: Address 19 is outside range for A Read
blk_mem_gen_v8_4_4 WARNING: Address 19 is outside range for A Read
blk_mem_gen_v8_4_4 WARNING: Address 19 is outside range for A Read
blk_mem_gen_v8_4_4 WARNING: Address 19 is outside range for A Read
blk_mem_gen_v8_4_4 WARNING: Address 19 is outside range for A Read
blk_mem_gen_v8_4_4 WARNING: Address 19 is outside range for A Read
blk_mem_gen_v8_4_4 WARNING: Address 19 is outside range for A Read
blk_mem_gen_v8_4_4 WARNING: Address 19 is outside range for A Read
blk_mem_gen_v8_4_4 WARNING: Address 19 is outside range for A Read
blk_mem_gen_v8_4_4 WARNING: Address 19 is outside range for A Read
blk_mem_gen_v8_4_4 WARNING: Address 19 is outside range for A Read
blk_mem_gen_v8_4_4 WARNING: Address 19 is outside range for A Read
blk_mem_gen_v8_4_4 WARNING: Address 19 is outside range for A Read
blk_mem_gen_v8_4_4 WARNING: Address 19 is outside range for A Read
blk_mem_gen_v8_4_4 WARNING: Address 19 is outside range for A Read
blk_mem_gen_v8_4_4 WARNING: Address 19 is outside range for A Read
blk_mem_gen_v8_4_4 WARNING: Address 19 is outside range for A Read
blk_mem_gen_v8_4_4 WARNING: Address 19 is outside range for A Read
blk_mem_gen_v8_4_4 WARNING: Address 19 is outside range for A Read
blk_mem_gen_v8_4_4 WARNING: Address 19 is outside range for A Read
blk_mem_gen_v8_4_4 WARNING: Address 19 is outside range for A Read
blk_mem_gen_v8_4_4 WARNING: Address 19 is outside range for A Read
blk_mem_gen_v8_4_4 WARNING: Address 19 is outside range for A Read
blk_mem_gen_v8_4_4 WARNING: Address 19 is outside range for A Read
blk_mem_gen_v8_4_4 WARNING: Address 19 is outside range for A Read
blk_mem_gen_v8_4_4 WARNING: Address 19 is outside range for A Read
blk_mem_gen_v8_4_4 WARNING: Address 19 is outside range for A Read
blk_mem_gen_v8_4_4 WARNING: Address 19 is outside range for A Read
blk_mem_gen_v8_4_4 WARNING: Address 19 is outside range for A Read
blk_mem_gen_v8_4_4 WARNING: Address 19 is outside range for A Read
blk_mem_gen_v8_4_4 WARNING: Address 19 is outside range for A Read
blk_mem_gen_v8_4_4 WARNING: Address 19 is outside range for A Read
blk_mem_gen_v8_4_4 WARNING: Address 19 is outside range for A Read
blk_mem_gen_v8_4_4 WARNING: Address 19 is outside range for A Read
blk_mem_gen_v8_4_4 WARNING: Address 19 is outside range for A Read
blk_mem_gen_v8_4_4 WARNING: Address 19 is outside range for A Read
blk_mem_gen_v8_4_4 WARNING: Address 19 is outside range for A Read
blk_mem_gen_v8_4_4 WARNING: Address 19 is outside range for A Read
blk_mem_gen_v8_4_4 WARNING: Address 19 is outside range for A Read
blk_mem_gen_v8_4_4 WARNING: Address 19 is outside range for A Read
blk_mem_gen_v8_4_4 WARNING: Address 19 is outside range for A Read
blk_mem_gen_v8_4_4 WARNING: Address 19 is outside range for A Read
blk_mem_gen_v8_4_4 WARNING: Address 19 is outside range for A Read
blk_mem_gen_v8_4_4 WARNING: Address 19 is outside range for A Read
blk_mem_gen_v8_4_4 WARNING: Address 19 is outside range for A Read
blk_mem_gen_v8_4_4 WARNING: Address 19 is outside range for A Read
blk_mem_gen_v8_4_4 WARNING: Address 19 is outside range for A Read
blk_mem_gen_v8_4_4 WARNING: Address 19 is outside range for A Read
blk_mem_gen_v8_4_4 WARNING: Address 19 is outside range for A Read
blk_mem_gen_v8_4_4 WARNING: Address 19 is outside range for A Read
blk_mem_gen_v8_4_4 WARNING: Address 19 is outside range for A Read
blk_mem_gen_v8_4_4 WARNING: Address 19 is outside range for A Read
blk_mem_gen_v8_4_4 WARNING: Address 19 is outside range for A Read
blk_mem_gen_v8_4_4 WARNING: Address 19 is outside range for A Read
blk_mem_gen_v8_4_4 WARNING: Address 19 is outside range for A Read
blk_mem_gen_v8_4_4 WARNING: Address 19 is outside range for A Read
blk_mem_gen_v8_4_4 WARNING: Address 19 is outside range for A Read
blk_mem_gen_v8_4_4 WARNING: Address 19 is outside range for A Read
blk_mem_gen_v8_4_4 WARNING: Address 19 is outside range for A Read
blk_mem_gen_v8_4_4 WARNING: Address 19 is outside range for A Read
blk_mem_gen_v8_4_4 WARNING: Address 19 is outside range for A Read
blk_mem_gen_v8_4_4 WARNING: Address 19 is outside range for A Read
blk_mem_gen_v8_4_4 WARNING: Address 19 is outside range for A Read
blk_mem_gen_v8_4_4 WARNING: Address 19 is outside range for A Read
blk_mem_gen_v8_4_4 WARNING: Address 19 is outside range for A Read
blk_mem_gen_v8_4_4 WARNING: Address 19 is outside range for A Read
blk_mem_gen_v8_4_4 WARNING: Address 19 is outside range for A Read
blk_mem_gen_v8_4_4 WARNING: Address 19 is outside range for A Read
blk_mem_gen_v8_4_4 WARNING: Address 19 is outside range for A Read
blk_mem_gen_v8_4_4 WARNING: Address 19 is outside range for A Read
blk_mem_gen_v8_4_4 WARNING: Address 19 is outside range for A Read
blk_mem_gen_v8_4_4 WARNING: Address 19 is outside range for A Read
blk_mem_gen_v8_4_4 WARNING: Address 19 is outside range for A Read
blk_mem_gen_v8_4_4 WARNING: Address 19 is outside range for A Read
blk_mem_gen_v8_4_4 WARNING: Address 19 is outside range for A Read
blk_mem_gen_v8_4_4 WARNING: Address 19 is outside range for A Read
blk_mem_gen_v8_4_4 WARNING: Address 19 is outside range for A Read
blk_mem_gen_v8_4_4 WARNING: Address 19 is outside range for A Read
blk_mem_gen_v8_4_4 WARNING: Address 19 is outside range for A Read
blk_mem_gen_v8_4_4 WARNING: Address 19 is outside range for A Read
blk_mem_gen_v8_4_4 WARNING: Address 19 is outside range for A Read
blk_mem_gen_v8_4_4 WARNING: Address 19 is outside range for A Read
blk_mem_gen_v8_4_4 WARNING: Address 19 is outside range for A Read
blk_mem_gen_v8_4_4 WARNING: Address 19 is outside range for A Read
blk_mem_gen_v8_4_4 WARNING: Address 19 is outside range for A Read
blk_mem_gen_v8_4_4 WARNING: Address 19 is outside range for A Read
blk_mem_gen_v8_4_4 WARNING: Address 19 is outside range for A Read
blk_mem_gen_v8_4_4 WARNING: Address 19 is outside range for A Read
blk_mem_gen_v8_4_4 WARNING: Address 19 is outside range for A Read
blk_mem_gen_v8_4_4 WARNING: Address 19 is outside range for A Read
blk_mem_gen_v8_4_4 WARNING: Address 19 is outside range for A Read
blk_mem_gen_v8_4_4 WARNING: Address 19 is outside range for A Read
blk_mem_gen_v8_4_4 WARNING: Address 19 is outside range for A Read
blk_mem_gen_v8_4_4 WARNING: Address 19 is outside range for A Read
blk_mem_gen_v8_4_4 WARNING: Address 19 is outside range for A Read
blk_mem_gen_v8_4_4 WARNING: Address 19 is outside range for A Read
blk_mem_gen_v8_4_4 WARNING: Address 19 is outside range for A Read
blk_mem_gen_v8_4_4 WARNING: Address 19 is outside range for A Read
blk_mem_gen_v8_4_4 WARNING: Address 19 is outside range for A Read
blk_mem_gen_v8_4_4 WARNING: Address 19 is outside range for A Read
blk_mem_gen_v8_4_4 WARNING: Address 19 is outside range for A Read
blk_mem_gen_v8_4_4 WARNING: Address 19 is outside range for A Read
blk_mem_gen_v8_4_4 WARNING: Address 19 is outside range for A Read
blk_mem_gen_v8_4_4 WARNING: Address 19 is outside range for A Read
blk_mem_gen_v8_4_4 WARNING: Address 19 is outside range for A Read
blk_mem_gen_v8_4_4 WARNING: Address 19 is outside range for A Read
blk_mem_gen_v8_4_4 WARNING: Address 19 is outside range for A Read
blk_mem_gen_v8_4_4 WARNING: Address 19 is outside range for A Read
blk_mem_gen_v8_4_4 WARNING: Address 19 is outside range for A Read
blk_mem_gen_v8_4_4 WARNING: Address 19 is outside range for A Read
blk_mem_gen_v8_4_4 WARNING: Address 19 is outside range for A Read
blk_mem_gen_v8_4_4 WARNING: Address 19 is outside range for A Read
blk_mem_gen_v8_4_4 WARNING: Address 19 is outside range for A Read
blk_mem_gen_v8_4_4 WARNING: Address 19 is outside range for A Read
blk_mem_gen_v8_4_4 WARNING: Address 19 is outside range for A Read
blk_mem_gen_v8_4_4 WARNING: Address 19 is outside range for A Read
blk_mem_gen_v8_4_4 WARNING: Address 19 is outside range for A Read
blk_mem_gen_v8_4_4 WARNING: Address 19 is outside range for A Read
blk_mem_gen_v8_4_4 WARNING: Address 19 is outside range for A Read
blk_mem_gen_v8_4_4 WARNING: Address 19 is outside range for A Read
blk_mem_gen_v8_4_4 WARNING: Address 19 is outside range for A Read
blk_mem_gen_v8_4_4 WARNING: Address 19 is outside range for A Read
blk_mem_gen_v8_4_4 WARNING: Address 19 is outside range for A Read
blk_mem_gen_v8_4_4 WARNING: Address 19 is outside range for A Read
blk_mem_gen_v8_4_4 WARNING: Address 19 is outside range for A Read
blk_mem_gen_v8_4_4 WARNING: Address 19 is outside range for A Read
blk_mem_gen_v8_4_4 WARNING: Address 19 is outside range for A Read
blk_mem_gen_v8_4_4 WARNING: Address 19 is outside range for A Read
blk_mem_gen_v8_4_4 WARNING: Address 19 is outside range for A Read
blk_mem_gen_v8_4_4 WARNING: Address 19 is outside range for A Read
blk_mem_gen_v8_4_4 WARNING: Address 19 is outside range for A Read
blk_mem_gen_v8_4_4 WARNING: Address 19 is outside range for A Read
blk_mem_gen_v8_4_4 WARNING: Address 19 is outside range for A Read
blk_mem_gen_v8_4_4 WARNING: Address 19 is outside range for A Read
blk_mem_gen_v8_4_4 WARNING: Address 19 is outside range for A Read
blk_mem_gen_v8_4_4 WARNING: Address 19 is outside range for A Read
blk_mem_gen_v8_4_4 WARNING: Address 19 is outside range for A Read
blk_mem_gen_v8_4_4 WARNING: Address 19 is outside range for A Read
blk_mem_gen_v8_4_4 WARNING: Address 19 is outside range for A Read
blk_mem_gen_v8_4_4 WARNING: Address 19 is outside range for A Read
blk_mem_gen_v8_4_4 WARNING: Address 19 is outside range for A Read
blk_mem_gen_v8_4_4 WARNING: Address 19 is outside range for A Read
blk_mem_gen_v8_4_4 WARNING: Address 19 is outside range for A Read
blk_mem_gen_v8_4_4 WARNING: Address 19 is outside range for A Read
blk_mem_gen_v8_4_4 WARNING: Address 19 is outside range for A Read
blk_mem_gen_v8_4_4 WARNING: Address 19 is outside range for A Read
blk_mem_gen_v8_4_4 WARNING: Address 19 is outside range for A Read
blk_mem_gen_v8_4_4 WARNING: Address 19 is outside range for A Read
blk_mem_gen_v8_4_4 WARNING: Address 19 is outside range for A Read
blk_mem_gen_v8_4_4 WARNING: Address 19 is outside range for A Read
blk_mem_gen_v8_4_4 WARNING: Address 19 is outside range for A Read
blk_mem_gen_v8_4_4 WARNING: Address 19 is outside range for A Read
blk_mem_gen_v8_4_4 WARNING: Address 19 is outside range for A Read
blk_mem_gen_v8_4_4 WARNING: Address 19 is outside range for A Read
blk_mem_gen_v8_4_4 WARNING: Address 19 is outside range for A Read
blk_mem_gen_v8_4_4 WARNING: Address 19 is outside range for A Read
blk_mem_gen_v8_4_4 WARNING: Address 19 is outside range for A Read
blk_mem_gen_v8_4_4 WARNING: Address 19 is outside range for A Read
blk_mem_gen_v8_4_4 WARNING: Address 19 is outside range for A Read
blk_mem_gen_v8_4_4 WARNING: Address 19 is outside range for A Read
blk_mem_gen_v8_4_4 WARNING: Address 19 is outside range for A Read
blk_mem_gen_v8_4_4 WARNING: Address 19 is outside range for A Read
blk_mem_gen_v8_4_4 WARNING: Address 19 is outside range for A Read
blk_mem_gen_v8_4_4 WARNING: Address 19 is outside range for A Read
blk_mem_gen_v8_4_4 WARNING: Address 19 is outside range for A Read
blk_mem_gen_v8_4_4 WARNING: Address 19 is outside range for A Read
blk_mem_gen_v8_4_4 WARNING: Address 19 is outside range for A Read
blk_mem_gen_v8_4_4 WARNING: Address 19 is outside range for A Read
blk_mem_gen_v8_4_4 WARNING: Address 19 is outside range for A Read
blk_mem_gen_v8_4_4 WARNING: Address 19 is outside range for A Read
blk_mem_gen_v8_4_4 WARNING: Address 19 is outside range for A Read
blk_mem_gen_v8_4_4 WARNING: Address 19 is outside range for A Read
blk_mem_gen_v8_4_4 WARNING: Address 19 is outside range for A Read
blk_mem_gen_v8_4_4 WARNING: Address 19 is outside range for A Read
blk_mem_gen_v8_4_4 WARNING: Address 19 is outside range for A Read
blk_mem_gen_v8_4_4 WARNING: Address 19 is outside range for A Read
blk_mem_gen_v8_4_4 WARNING: Address 19 is outside range for A Read
blk_mem_gen_v8_4_4 WARNING: Address 19 is outside range for A Read
blk_mem_gen_v8_4_4 WARNING: Address 19 is outside range for A Read
blk_mem_gen_v8_4_4 WARNING: Address 19 is outside range for A Read
blk_mem_gen_v8_4_4 WARNING: Address 19 is outside range for A Read
blk_mem_gen_v8_4_4 WARNING: Address 19 is outside range for A Read
blk_mem_gen_v8_4_4 WARNING: Address 19 is outside range for A Read
blk_mem_gen_v8_4_4 WARNING: Address 19 is outside range for A Read
blk_mem_gen_v8_4_4 WARNING: Address 19 is outside range for A Read
blk_mem_gen_v8_4_4 WARNING: Address 19 is outside range for A Read
blk_mem_gen_v8_4_4 WARNING: Address 19 is outside range for A Read
blk_mem_gen_v8_4_4 WARNING: Address 19 is outside range for A Read
blk_mem_gen_v8_4_4 WARNING: Address 19 is outside range for A Read
blk_mem_gen_v8_4_4 WARNING: Address 19 is outside range for A Read
blk_mem_gen_v8_4_4 WARNING: Address 19 is outside range for A Read
blk_mem_gen_v8_4_4 WARNING: Address 19 is outside range for A Read
blk_mem_gen_v8_4_4 WARNING: Address 19 is outside range for A Read
blk_mem_gen_v8_4_4 WARNING: Address 19 is outside range for A Read
blk_mem_gen_v8_4_4 WARNING: Address 19 is outside range for A Read
blk_mem_gen_v8_4_4 WARNING: Address 19 is outside range for A Read
blk_mem_gen_v8_4_4 WARNING: Address 19 is outside range for A Read
blk_mem_gen_v8_4_4 WARNING: Address 19 is outside range for A Read
blk_mem_gen_v8_4_4 WARNING: Address 19 is outside range for A Read
blk_mem_gen_v8_4_4 WARNING: Address 19 is outside range for A Read
blk_mem_gen_v8_4_4 WARNING: Address 19 is outside range for A Read
blk_mem_gen_v8_4_4 WARNING: Address 19 is outside range for A Read
blk_mem_gen_v8_4_4 WARNING: Address 19 is outside range for A Read
blk_mem_gen_v8_4_4 WARNING: Address 19 is outside range for A Read
blk_mem_gen_v8_4_4 WARNING: Address 19 is outside range for A Read
blk_mem_gen_v8_4_4 WARNING: Address 19 is outside range for A Read
blk_mem_gen_v8_4_4 WARNING: Address 19 is outside range for A Read
blk_mem_gen_v8_4_4 WARNING: Address 19 is outside range for A Read
blk_mem_gen_v8_4_4 WARNING: Address 19 is outside range for A Read
blk_mem_gen_v8_4_4 WARNING: Address 19 is outside range for A Read
blk_mem_gen_v8_4_4 WARNING: Address 19 is outside range for A Read
blk_mem_gen_v8_4_4 WARNING: Address 19 is outside range for A Read
blk_mem_gen_v8_4_4 WARNING: Address 19 is outside range for A Read
blk_mem_gen_v8_4_4 WARNING: Address 19 is outside range for A Read
blk_mem_gen_v8_4_4 WARNING: Address 19 is outside range for A Read
blk_mem_gen_v8_4_4 WARNING: Address 19 is outside range for A Read
blk_mem_gen_v8_4_4 WARNING: Address 19 is outside range for A Read
blk_mem_gen_v8_4_4 WARNING: Address 19 is outside range for A Read
blk_mem_gen_v8_4_4 WARNING: Address 19 is outside range for A Read
blk_mem_gen_v8_4_4 WARNING: Address 19 is outside range for A Read
blk_mem_gen_v8_4_4 WARNING: Address 19 is outside range for A Read
blk_mem_gen_v8_4_4 WARNING: Address 19 is outside range for A Read
blk_mem_gen_v8_4_4 WARNING: Address 19 is outside range for A Read
blk_mem_gen_v8_4_4 WARNING: Address 19 is outside range for A Read
blk_mem_gen_v8_4_4 WARNING: Address 19 is outside range for A Read
blk_mem_gen_v8_4_4 WARNING: Address 19 is outside range for A Read
blk_mem_gen_v8_4_4 WARNING: Address 19 is outside range for A Read
blk_mem_gen_v8_4_4 WARNING: Address 19 is outside range for A Read
blk_mem_gen_v8_4_4 WARNING: Address 19 is outside range for A Read
blk_mem_gen_v8_4_4 WARNING: Address 19 is outside range for A Read
blk_mem_gen_v8_4_4 WARNING: Address 19 is outside range for A Read
blk_mem_gen_v8_4_4 WARNING: Address 19 is outside range for A Read
blk_mem_gen_v8_4_4 WARNING: Address 19 is outside range for A Read
blk_mem_gen_v8_4_4 WARNING: Address 19 is outside range for A Read
blk_mem_gen_v8_4_4 WARNING: Address 19 is outside range for A Read
blk_mem_gen_v8_4_4 WARNING: Address 19 is outside range for A Read
blk_mem_gen_v8_4_4 WARNING: Address 19 is outside range for A Read
blk_mem_gen_v8_4_4 WARNING: Address 19 is outside range for A Read
close_sim
INFO: [Simtcl 6-16] Simulation closed
exit
INFO: [Common 17-206] Exiting Vivado at Sat Mar 26 19:52:25 2022...
